<?xml version="1.0" encoding="UTF-8"?>
<!-- Generated by org.testng.reporters.JUnitXMLReporter -->
<testsuite hostname="DESKTOP-D78M4RB" ignored="0" name="Test" tests="3" failures="1" timestamp="2020-12-23T01:42:38 IST" time="12.92" errors="0">
  <testcase name="sampleMethod2" time="0.014" classname="testCases.TC1">
    <failure type="java.lang.NullPointerException">
      <![CDATA[java.lang.NullPointerException
at reporter.ExtentReporter.startTest(ExtentReporter.java:39)
at masterWrapper.CaptainOfTheShip.startReporting(CaptainOfTheShip.java:151)
at testCases.TC1.sampleMethod2(TC1.java:29)
at java.util.concurrent.ThreadPoolExecutor.runWorker(Unknown Source)
at java.util.concurrent.ThreadPoolExecutor$Worker.run(Unknown Source)
at java.lang.Thread.run(Unknown Source)
... Removed 12 stack frames]]>
    </failure>
  </testcase> <!-- sampleMethod2 -->
  <testcase name="sampleMethod3" time="11.991" classname="testCases.TC1"/>
  <testcase name="sampleMethod" time="12.803" classname="testCases.TC1"/>
</testsuite> <!-- Test -->
