<?xml version="1.0" encoding="UTF-8"?>
<testng-results skipped="0" failed="1" ignored="0" total="3" passed="2">
  <reporter-output>
  </reporter-output>
  <suite name="Suite" duration-ms="12920" started-at="2020-12-23T01:42:26 IST" finished-at="2020-12-23T01:42:38 IST">
    <groups>
    </groups>
    <test name="Test" duration-ms="12920" started-at="2020-12-23T01:42:26 IST" finished-at="2020-12-23T01:42:38 IST">
      <class name="testCases.TC1">
        <test-method status="PASS" signature="instantiate()[pri:0, instance:testCases.TC1@711f39f9]" name="instantiate" is-config="true" duration-ms="16" started-at="2020-12-23T01:42:26 IST" finished-at="2020-12-23T01:42:26 IST">
          <reporter-output>
          </reporter-output>
        </test-method> <!-- instantiate -->
        <test-method status="PASS" signature="sampleMethod3()[pri:0, instance:testCases.TC1@711f39f9]" name="sampleMethod3" duration-ms="11991" started-at="2020-12-23T01:42:26 IST" finished-at="2020-12-23T01:42:38 IST">
          <reporter-output>
          </reporter-output>
        </test-method> <!-- sampleMethod3 -->
        <test-method status="PASS" signature="sampleMethod()[pri:0, instance:testCases.TC1@711f39f9]" name="sampleMethod" duration-ms="12803" started-at="2020-12-23T01:42:26 IST" finished-at="2020-12-23T01:42:38 IST">
          <reporter-output>
          </reporter-output>
        </test-method> <!-- sampleMethod -->
        <test-method status="FAIL" signature="sampleMethod2()[pri:0, instance:testCases.TC1@711f39f9]" name="sampleMethod2" duration-ms="14" started-at="2020-12-23T01:42:26 IST" finished-at="2020-12-23T01:42:26 IST">
          <exception class="java.lang.NullPointerException">
            <full-stacktrace>
              <![CDATA[java.lang.NullPointerException
at reporter.ExtentReporter.startTest(ExtentReporter.java:39)
at masterWrapper.CaptainOfTheShip.startReporting(CaptainOfTheShip.java:151)
at testCases.TC1.sampleMethod2(TC1.java:29)
at sun.reflect.NativeMethodAccessorImpl.invoke0(Native Method)
at sun.reflect.NativeMethodAccessorImpl.invoke(Unknown Source)
at sun.reflect.DelegatingMethodAccessorImpl.invoke(Unknown Source)
at java.lang.reflect.Method.invoke(Unknown Source)
at org.testng.internal.MethodInvocationHelper.invokeMethod(MethodInvocationHelper.java:132)
at org.testng.internal.TestInvoker.invokeMethod(TestInvoker.java:599)
at org.testng.internal.TestInvoker.invokeTestMethod(TestInvoker.java:174)
at org.testng.internal.MethodRunner.runInSequence(MethodRunner.java:46)
at org.testng.internal.TestInvoker$MethodInvocationAgent.invoke(TestInvoker.java:822)
at org.testng.internal.TestInvoker.invokeTestMethods(TestInvoker.java:147)
at org.testng.internal.TestMethodWorker.invokeTestMethods(TestMethodWorker.java:146)
at org.testng.internal.TestMethodWorker.run(TestMethodWorker.java:128)
at java.util.concurrent.ThreadPoolExecutor.runWorker(Unknown Source)
at java.util.concurrent.ThreadPoolExecutor$Worker.run(Unknown Source)
at java.lang.Thread.run(Unknown Source)
]]>
            </full-stacktrace>
          </exception> <!-- java.lang.NullPointerException -->
          <reporter-output>
          </reporter-output>
        </test-method> <!-- sampleMethod2 -->
        <test-method status="PASS" signature="tearDown()[pri:0, instance:testCases.TC1@711f39f9]" name="tearDown" is-config="true" duration-ms="2" started-at="2020-12-23T01:42:26 IST" finished-at="2020-12-23T01:42:26 IST">
          <reporter-output>
          </reporter-output>
        </test-method> <!-- tearDown -->
        <test-method status="PASS" signature="tearDown()[pri:0, instance:testCases.TC1@711f39f9]" name="tearDown" is-config="true" duration-ms="544" started-at="2020-12-23T01:42:38 IST" finished-at="2020-12-23T01:42:38 IST">
          <reporter-output>
          </reporter-output>
        </test-method> <!-- tearDown -->
        <test-method status="PASS" signature="tearDown()[pri:0, instance:testCases.TC1@711f39f9]" name="tearDown" is-config="true" duration-ms="43" started-at="2020-12-23T01:42:38 IST" finished-at="2020-12-23T01:42:38 IST">
          <reporter-output>
          </reporter-output>
        </test-method> <!-- tearDown -->
        <test-method status="PASS" signature="killAll()[pri:0, instance:testCases.TC1@711f39f9]" name="killAll" is-config="true" duration-ms="21" started-at="2020-12-23T01:42:38 IST" finished-at="2020-12-23T01:42:38 IST">
          <reporter-output>
          </reporter-output>
        </test-method> <!-- killAll -->
      </class> <!-- testCases.TC1 -->
    </test> <!-- Test -->
  </suite> <!-- Suite -->
</testng-results>
